m-k-n:40
count:
8--------8--------16--------16--------32--------32--------64--------64--------128--------128--------256--------256 
0.0226925    0.00221441    0.00234368    0.00224189    0.0024368    0.00233745    0.00257838    0.00246223    0.00294002    0.0027607    0.00356658    0.00336145    

m-k-n:80
count:
8--------8--------16--------16--------32--------32--------64--------64--------128--------128--------256--------256 
0.00251013    0.0023581    0.00271587    0.00261185    0.00315582    0.00302148    0.00401444    0.00394384    0.00587015    0.00574014    0.00938245    0.00920239    

m-k-n:160
count:
8--------8--------16--------16--------32--------32--------64--------64--------128--------128--------256--------256 
0.00374742    0.00361379    0.00522654    0.00504234    0.00799511    0.00786906    0.0136629    0.0137176    0.0249631    0.0249138    0.0475006    0.047378    

m-k-n:320
count:
8--------8--------16--------16--------32--------32--------64--------64--------128--------128--------256--------256 
0.0124081    0.0122903    0.0291807    0.0223599    0.0423471    0.0423057    0.0823374    0.0828108    0.161802    0.162496    0.32158    0.321214    

m-k-n:640
count:
8--------8--------16--------16--------32--------32--------64--------64--------128--------128--------256--------256 
0.0790717    0.0785232    0.15425    0.155384    0.306564    0.306581    0.603638    0.605299    1.22922    1.22753    2.45393    2.44589    

m-k-n:1280
count:
8--------8--------16--------16--------32--------32--------64--------64--------128--------128--------256--------256 
0.627829    0.599034    1.20166    1.22739    2.62024    2.64048    5.43996    5.36735    11.1387    11.1272    22.5045    22.6616    

