m-k-n:40
count:
8--------8--------16--------16--------32--------32--------64--------64--------128--------128--------256--------256 
0.0225511    0.00220464    0.00231493    0.00222249    0.00239796    0.00231776    0.00255207    0.00250825    0.00287608    0.00273976    0.00357407    0.00342254    

m-k-n:80
count:
8--------8--------16--------16--------32--------32--------64--------64--------128--------128--------256--------256 
0.00330212    0.00238122    0.00307819    0.00259303    0.00424211    0.0039437    0.00486712    0.00401262    0.0057931    0.00577301    0.0104923    0.00996854    

m-k-n:160
count:
8--------8--------16--------16--------32--------32--------64--------64--------128--------128--------256--------256 
0.00368237    0.00361464    0.00515388    0.00511184    0.00796507    0.00788109    0.0137353    0.013591    0.0258981    0.0250508    0.0486128    0.0481603    

m-k-n:320
count:
8--------8--------16--------16--------32--------32--------64--------64--------128--------128--------256--------256 
0.0128403    0.0122711    0.0229911    0.0222104    0.0425675    0.0424949    0.0832007    0.0828297    0.16322    0.162782    0.321728    0.323317    

m-k-n:640
count:
8--------8--------16--------16--------32--------32--------64--------64--------128--------128--------256--------256 
0.0782005    0.0783943    0.155314    0.154594    0.307532    0.331981    0.613117    0.610831    1.24422    1.24568    2.45882    2.46136    

m-k-n:1280
count:
8--------8--------16--------16--------32--------32--------64--------64--------128--------128--------256--------256 
0.622768    0.598497    1.19556    1.26792    2.41772    2.41886    4.79805    4.79868    9.56494    9.55247    19.11    19.069    

